<?xml version="1.0" encoding="UTF-8"?>
<!-- Generated by org.testng.reporters.JUnitReportReporter -->
<testsuite hostname="Pankaj" failures="0" tests="1" name="testCases.TC002_LoginTest" time="1.767" errors="0" timestamp="2025-08-14T15:07:34 IST" skipped="0">
  <testcase classname="testCases.TC002_LoginTest" name="verify_login" time="1.767"/>
</testsuite> <!-- testCases.TC002_LoginTest -->
