<?xml version="1.0" encoding="UTF-8"?>
<!-- Generated by org.testng.reporters.JUnitReportReporter -->
<testsuite hostname="Pankaj" failures="0" tests="5" name="testCases.TC003_LoginDDT" time="98.341" errors="0" timestamp="2025-08-05T11:40:26 IST" skipped="0">
  <testcase classname="testCases.TC003_LoginDDT" name="verify_loginDDT" time="32.194"/>
  <testcase classname="testCases.TC003_LoginDDT" name="verify_loginDDT" time="2.155"/>
  <testcase classname="testCases.TC003_LoginDDT" name="verify_loginDDT" time="30.801"/>
  <testcase classname="testCases.TC003_LoginDDT" name="verify_loginDDT" time="30.892"/>
  <testcase classname="testCases.TC003_LoginDDT" name="verify_loginDDT" time="2.299"/>
</testsuite> <!-- testCases.TC003_LoginDDT -->
